<?xml version="1.0" encoding="UTF-8"?>
<!-- Generated by org.testng.reporters.JUnitXMLReporter -->
<testsuite hostname="DESKTOP-S9BKCPU" name="Test" tests="5" failures="0" timestamp="10 Sep 2020 19:42:11 GMT" time="161.809" errors="0">
  <testcase name="OpenApp" time="9.228" classname="Practice.Appium_Framework.SigninTest"/>
  <testcase name="signIn" time="18.972" classname="Practice.Appium_Framework.SigninTest"/>
  <testcase name="selectAndVerifyCourse" time="18.552" classname="Practice.Appium_Framework.MyCoursesTest"/>
  <testcase name="OpenAndPlayCourse" time="79.255" classname="Practice.Appium_Framework.OpenCoursePlayVideoTest"/>
  <testcase name="SignOutApp" time="15.768" classname="Practice.Appium_Framework.SignoutTest"/>
</testsuite> <!-- Test -->
